<?xml version="1.0" encoding="UTF-8"?>
<!-- Generated by org.testng.reporters.JUnitReportReporter -->
<testsuite hostname="DESKTOP-6P64TEG" failures="0" tests="1" name="com.VTiger.crm.VendorTest.CreateVendorTest" time="21.410" errors="0" timestamp="2024-09-11T10:32:57 IST" skipped="0">
  <testcase classname="com.VTiger.crm.VendorTest.CreateVendorTest" name="createOrgTest" time="21.410"/>
</testsuite> <!-- com.VTiger.crm.VendorTest.CreateVendorTest -->
