<?xml version="1.0" encoding="UTF-8"?>
<!-- Generated by org.testng.reporters.JUnitReportReporter -->
<testsuite hostname="DESKTOP-6P64TEG" failures="0" tests="4" name="com.VTiger.crm.orgtest.OrganisationTest" time="58.104" errors="0" timestamp="2024-10-05T13:04:07 GMT+05:30" skipped="0">
  <testcase classname="com.VTiger.crm.orgtest.OrganisationTest" name="DeleteOrgTest" time="15.610"/>
  <testcase classname="com.VTiger.crm.orgtest.OrganisationTest" name="createOrgWithIndusTest" time="13.766"/>
  <testcase classname="com.VTiger.crm.orgtest.OrganisationTest" name="createOrgTest" time="13.495"/>
  <testcase classname="com.VTiger.crm.orgtest.OrganisationTest" name="createOrgPhoneNoTest" time="15.233"/>
</testsuite> <!-- com.VTiger.crm.orgtest.OrganisationTest -->
