<?xml version="1.0" encoding="UTF-8"?>
<!-- Generated by org.testng.reporters.JUnitReportReporter -->
<testsuite hostname="DESKTOP-6P64TEG" failures="0" tests="1" name="com.VTiger.crm.ProductTest.CreateProductWithVendor" time="19.306" errors="0" timestamp="2024-09-18T10:26:19 IST" skipped="0">
  <testcase classname="com.VTiger.crm.ProductTest.CreateProductWithVendor" name="createOrgTest" time="19.306"/>
  <system-out/>
</testsuite> <!-- com.VTiger.crm.ProductTest.CreateProductWithVendor -->
