<?xml version="1.0" encoding="UTF-8"?>
<!-- Generated by org.testng.reporters.JUnitReportReporter -->
<testsuite hostname="DESKTOP-6P64TEG" failures="0" tests="1" name="com.VTiger.crm.orgtest.CreateOrgWithPhoneNo" time="11.137" errors="0" timestamp="2024-09-16T10:52:50 IST" skipped="0">
  <testcase classname="com.VTiger.crm.orgtest.CreateOrgWithPhoneNo" name="createOrgPhoneNoTest" time="11.137"/>
  <system-out/>
</testsuite> <!-- com.VTiger.crm.orgtest.CreateOrgWithPhoneNo -->
