<?xml version="1.0" encoding="UTF-8"?>
<!-- Generated by org.testng.reporters.JUnitReportReporter -->
<testsuite hostname="DESKTOP-6P64TEG" failures="0" tests="2" name="com.VTiger.crm.ProductTest.ProductTest" time="40.386" errors="0" timestamp="2024-09-24T17:19:16 IST" skipped="0">
  <testcase classname="com.VTiger.crm.ProductTest.ProductTest" name="ProdWithVendorTest" time="23.167"/>
  <system-out/>
  <testcase classname="com.VTiger.crm.ProductTest.ProductTest" name="createProductTest" time="17.219"/>
  <system-out/>
</testsuite> <!-- com.VTiger.crm.ProductTest.ProductTest -->
