<?xml version="1.0" encoding="UTF-8"?>
<!-- Generated by org.testng.reporters.JUnitReportReporter -->
<testsuite hostname="DESKTOP-6P64TEG" failures="0" tests="1" name="com.VTiger.crm.OpportunityTest.CreateOpportunityWithContactPage" time="28.662" errors="0" timestamp="2024-09-17T12:58:34 IST" skipped="0">
  <testcase classname="com.VTiger.crm.OpportunityTest.CreateOpportunityWithContactPage" name="createOPWithContact" time="28.662"/>
  <system-out/>
</testsuite> <!-- com.VTiger.crm.OpportunityTest.CreateOpportunityWithContactPage -->
