<?xml version="1.0" encoding="UTF-8"?>
<!-- Generated by org.testng.reporters.JUnitReportReporter -->
<testsuite hostname="DESKTOP-6P64TEG" failures="0" tests="1" name="com.VTiger.crm.orgtest.OrganisationTest" time="61.898" errors="0" timestamp="2024-10-01T17:55:32 IST" skipped="0">
  <testcase classname="com.VTiger.crm.orgtest.OrganisationTest" name="createOrgTest" time="61.898"/>
  <system-out/>
</testsuite> <!-- com.VTiger.crm.orgtest.OrganisationTest -->
