<?xml version="1.0" encoding="UTF-8"?>
<!-- Generated by org.testng.reporters.JUnitReportReporter -->
<testsuite hostname="DESKTOP-6P64TEG" failures="0" tests="1" name="com.VTiger.crm.orgtest.CreateOrgTest1" time="22.556" errors="0" timestamp="2024-09-19T15:32:16 IST" skipped="0">
  <testcase classname="com.VTiger.crm.orgtest.CreateOrgTest1" name="createOrgTest" time="22.556"/>
  <system-out/>
</testsuite> <!-- com.VTiger.crm.orgtest.CreateOrgTest1 -->
