<?xml version="1.0" encoding="UTF-8"?>
<!-- Generated by org.testng.reporters.JUnitReportReporter -->
<testsuite hostname="DESKTOP-6P64TEG" failures="0" tests="1" name="com.VTiger.crm.orgtest.CreateOrgWithIndustry" time="13.494" errors="0" timestamp="2024-09-16T16:00:15 IST" skipped="0">
  <testcase classname="com.VTiger.crm.orgtest.CreateOrgWithIndustry" name="createOrgTest" time="13.494"/>
  <system-out/>
</testsuite> <!-- com.VTiger.crm.orgtest.CreateOrgWithIndustry -->
