<?xml version="1.0" encoding="UTF-8"?>
<!-- Generated by org.testng.reporters.JUnitReportReporter -->
<testsuite hostname="DESKTOP-6P64TEG" failures="0" tests="1" name="com.VTiger.crm.PurchaseOrderTest.CreatePurchaseOrderTest" time="40.001" errors="0" timestamp="2024-09-17T17:08:04 IST" skipped="0">
  <testcase classname="com.VTiger.crm.PurchaseOrderTest.CreatePurchaseOrderTest" name="createPurchaseTest" time="40.001"/>
  <system-out/>
</testsuite> <!-- com.VTiger.crm.PurchaseOrderTest.CreatePurchaseOrderTest -->
