<?xml version="1.0" encoding="UTF-8"?>
<!-- Generated by org.testng.reporters.JUnitReportReporter -->
<testsuite hostname="DESKTOP-6P64TEG" failures="0" tests="1" name="com.VTiger.crm.contacttest.CreateContactWithOrg" time="31.700" errors="0" timestamp="2024-09-16T13:15:55 IST" skipped="0">
  <testcase classname="com.VTiger.crm.contacttest.CreateContactWithOrg" name="createOrgTest" time="31.700"/>
  <system-out/>
</testsuite> <!-- com.VTiger.crm.contacttest.CreateContactWithOrg -->
