<?xml version="1.0" encoding="UTF-8"?>
<!-- Generated by org.testng.reporters.JUnitReportReporter -->
<testsuite hostname="DESKTOP-6P64TEG" failures="0" tests="2" name="com.VTiger.crm.OpportunityTest.OpportunityTest" time="75.371" errors="0" timestamp="2024-09-24T17:13:55 IST" skipped="0">
  <testcase classname="com.VTiger.crm.OpportunityTest.OpportunityTest" name="createOPWithContactTest" time="39.213"/>
  <system-out/>
  <testcase classname="com.VTiger.crm.OpportunityTest.OpportunityTest" name="createOpWithOrgTest" time="36.158"/>
  <system-out/>
</testsuite> <!-- com.VTiger.crm.OpportunityTest.OpportunityTest -->
