<?xml version="1.0" encoding="UTF-8"?>
<!-- Generated by org.testng.reporters.JUnitReportReporter -->
<testsuite hostname="DESKTOP-6P64TEG" failures="0" tests="1" name="com.VTiger.crm.orgtest.DeleteOrganisationTest" time="36.952" errors="0" timestamp="2024-09-16T14:41:28 IST" skipped="0">
  <testcase classname="com.VTiger.crm.orgtest.DeleteOrganisationTest" name="DeleteOrgTest" time="36.952"/>
  <system-out/>
</testsuite> <!-- com.VTiger.crm.orgtest.DeleteOrganisationTest -->
