<?xml version="1.0" encoding="UTF-8"?>
<!-- Generated by org.testng.reporters.JUnitReportReporter -->
<testsuite hostname="DESKTOP-6P64TEG" failures="0" tests="1" name="com.VTiger.crm.PurchaseOrderTest.PurchaseOrderTest" time="25.883" errors="0" timestamp="2024-10-08T13:28:50 IST" skipped="0">
  <testcase classname="com.VTiger.crm.PurchaseOrderTest.PurchaseOrderTest" name="createPurchaseTest" time="25.883"/>
</testsuite> <!-- com.VTiger.crm.PurchaseOrderTest.PurchaseOrderTest -->
