<?xml version="1.0" encoding="UTF-8"?>
<!-- Generated by org.testng.reporters.JUnitReportReporter -->
<testsuite hostname="DESKTOP-6P64TEG" failures="0" tests="3" name="com.VTiger.crm.contacttest.ContactTest" time="69.108" errors="0" timestamp="2024-09-27T11:33:14 IST" skipped="0">
  <testcase classname="com.VTiger.crm.contacttest.ContactTest" name="createContWithSupportDateTest" time="18.713"/>
  <system-out/>
  <testcase classname="com.VTiger.crm.contacttest.ContactTest" name="createContTest" time="19.560"/>
  <system-out/>
  <testcase classname="com.VTiger.crm.contacttest.ContactTest" name="createContWithOrgTest" time="30.835"/>
  <system-out/>
</testsuite> <!-- com.VTiger.crm.contacttest.ContactTest -->
