<?xml version="1.0" encoding="UTF-8"?>
<!-- Generated by org.testng.reporters.JUnitReportReporter -->
<testsuite hostname="DESKTOP-6P64TEG" failures="0" tests="1" name="com.VTiger.crm.ProductTest.CreateProductTest" time="18.482" errors="0" timestamp="2024-09-11T11:00:21 IST" skipped="0">
  <testcase classname="com.VTiger.crm.ProductTest.CreateProductTest" name="createProductTest" time="18.482"/>
</testsuite> <!-- com.VTiger.crm.ProductTest.CreateProductTest -->
