<?xml version="1.0" encoding="UTF-8"?>
<!-- Generated by org.testng.reporters.JUnitReportReporter -->
<testsuite hostname="DESKTOP-6P64TEG" failures="0" tests="2" name="PracticeTestNGAnotationTest" time="0.020" errors="0" timestamp="2024-09-13T15:13:15 IST" skipped="0">
  <testcase classname="PracticeTestNGAnotationTest" name="ContactTestD" time="0.009"/>
  <system-out/>
  <testcase classname="PracticeTestNGAnotationTest" name="ContactTest" time="0.011"/>
  <system-out/>
</testsuite> <!-- PracticeTestNGAnotationTest -->
