<?xml version="1.0" encoding="UTF-8"?>
<!-- Generated by org.testng.reporters.JUnitReportReporter -->
<testsuite hostname="DESKTOP-6P64TEG" failures="0" tests="2" name="com.VTiger.crm.ProductTest.ProductTest" time="37.633" errors="0" timestamp="2024-10-04T14:43:33 IST" skipped="0">
  <testcase classname="com.VTiger.crm.ProductTest.ProductTest" name="ProdWithVendorTest" time="21.514"/>
  <testcase classname="com.VTiger.crm.ProductTest.ProductTest" name="createProductTest" time="16.119"/>
</testsuite> <!-- com.VTiger.crm.ProductTest.ProductTest -->
