<?xml version="1.0" encoding="UTF-8"?>
<!-- Generated by org.testng.reporters.JUnitReportReporter -->
<testsuite hostname="DESKTOP-6P64TEG" failures="0" tests="3" name="PracticeDataProviderTest" time="35.618" errors="0" timestamp="2024-09-13T14:25:20 IST" skipped="0">
  <testcase classname="PracticeDataProviderTest" name="AmazonPracticTest" time="9.193"/>
  <system-out/>
  <testcase classname="PracticeDataProviderTest" name="AmazonPracticTest" time="16.663"/>
  <system-out/>
  <testcase classname="PracticeDataProviderTest" name="AmazonPracticTest" time="9.762"/>
  <system-out/>
</testsuite> <!-- PracticeDataProviderTest -->
