<?xml version="1.0" encoding="UTF-8"?>
<!-- Generated by org.testng.reporters.JUnitXMLReporter -->
<testsuite ignored="0" hostname="DESKTOP-6P64TEG" failures="0" tests="3" name="Test-FireFox" time="58.932" errors="0" timestamp="2024-09-24T17:19:16 IST">
  <testcase classname="com.VTiger.crm.contacttest.ContactTest" name="createContTest" time="10.332"/>
  <testcase classname="com.VTiger.crm.contacttest.ContactTest" name="createContWithOrgTest" time="21.607"/>
  <testcase classname="com.VTiger.crm.contacttest.ContactTest" name="createContWithSupportDateTest" time="7.046"/>
</testsuite> <!-- Test-FireFox -->
