<?xml version="1.0" encoding="UTF-8"?>
<!-- Generated by org.testng.reporters.JUnitXMLReporter -->
<testsuite ignored="0" hostname="DESKTOP-6P64TEG" failures="0" tests="3" name="Test-FireFox" time="53.749" errors="0" timestamp="2024-10-04T14:43:33 IST">
  <testcase classname="com.VTiger.crm.contacttest.ContactTest" name="createContTest" time="9.508"/>
  <testcase classname="com.VTiger.crm.contacttest.ContactTest" name="createContWithOrgTest" time="22.048"/>
  <testcase classname="com.VTiger.crm.contacttest.ContactTest" name="createContWithSupportDateTest" time="6.425"/>
</testsuite> <!-- Test-FireFox -->
