<?xml version="1.0" encoding="UTF-8"?>
<!-- Generated by org.testng.reporters.JUnitXMLReporter -->
<testsuite ignored="0" hostname="DESKTOP-6P64TEG" failures="0" tests="2" name="Test-Chrome" time="42.833" errors="0" timestamp="2024-09-24T17:19:00 IST">
  <testcase classname="com.VTiger.crm.ProductTest.ProductTest" name="ProdWithVendorTest" time="18.778"/>
  <testcase classname="com.VTiger.crm.ProductTest.ProductTest" name="createProductTest" time="10.625"/>
</testsuite> <!-- Test-Chrome -->
