<?xml version="1.0" encoding="UTF-8"?>
<!-- Generated by org.testng.reporters.JUnitXMLReporter -->
<testsuite ignored="0" hostname="DESKTOP-6P64TEG" failures="0" tests="2" name="Test-Chrome" time="40.432" errors="0" timestamp="2024-10-04T14:43:20 IST">
  <testcase classname="com.VTiger.crm.ProductTest.ProductTest" name="ProdWithVendorTest" time="17.041"/>
  <testcase classname="com.VTiger.crm.ProductTest.ProductTest" name="createProductTest" time="10.516"/>
</testsuite> <!-- Test-Chrome -->
